c:\users\administrator\documents\visual studio 2013\projects\udp_client\udp_client\debug\udp_client.pch
c:\users\administrator\documents\visual studio 2013\projects\udp_client\udp_client\debug\vc120.pdb
c:\users\administrator\documents\visual studio 2013\projects\udp_client\udp_client\debug\vc120.idb
c:\users\administrator\documents\visual studio 2013\projects\udp_client\udp_client\debug\stdafx.obj
c:\users\administrator\documents\visual studio 2013\projects\udp_client\udp_client\debug\udp_client.obj
c:\users\administrator\documents\visual studio 2013\projects\udp_client\debug\udp_client.ilk
c:\users\administrator\documents\visual studio 2013\projects\udp_client\debug\udp_client.exe
c:\users\administrator\documents\visual studio 2013\projects\udp_client\debug\udp_client.pdb
d:\onedrive\文档\udp_client\udp_client\debug\stdafx.obj
d:\onedrive\文档\udp_client\udp_client\debug\udp_client.obj
d:\onedrive\文档\udp_client\udp_client\debug\udp_client.pch
d:\onedrive\文档\udp_client\udp_client\debug\vc120.idb
d:\onedrive\文档\udp_client\udp_client\debug\vc120.pdb
d:\onedrive\文档\udp_client\debug\udp_client.pdb
d:\onedrive\文档\udp_client\debug\udp_client.exe
d:\onedrive\文档\udp_client\debug\udp_client.ilk
d:\onedrive\文档\udp_client\udp_client\debug\udp_client.tlog\cl.command.1.tlog
d:\onedrive\文档\udp_client\udp_client\debug\udp_client.tlog\cl.read.1.tlog
d:\onedrive\文档\udp_client\udp_client\debug\udp_client.tlog\cl.write.1.tlog
d:\onedrive\文档\udp_client\udp_client\debug\udp_client.tlog\link.command.1.tlog
d:\onedrive\文档\udp_client\udp_client\debug\udp_client.tlog\link.read.1.tlog
d:\onedrive\文档\udp_client\udp_client\debug\udp_client.tlog\link.write.1.tlog
